mode: set
github.com/zalbiraw/traefik-provider/internal/merge.go:10.84,17.30 2 1
github.com/zalbiraw/traefik-provider/internal/merge.go:61.2,61.15 1 1
github.com/zalbiraw/traefik-provider/internal/merge.go:17.30,18.17 1 1
github.com/zalbiraw/traefik-provider/internal/merge.go:21.3,21.22 1 1
github.com/zalbiraw/traefik-provider/internal/merge.go:32.3,32.21 1 1
github.com/zalbiraw/traefik-provider/internal/merge.go:43.3,43.21 1 1
github.com/zalbiraw/traefik-provider/internal/merge.go:51.3,51.21 1 1
github.com/zalbiraw/traefik-provider/internal/merge.go:18.17,19.12 1 1
github.com/zalbiraw/traefik-provider/internal/merge.go:21.22,22.39 1 1
github.com/zalbiraw/traefik-provider/internal/merge.go:25.4,25.40 1 1
github.com/zalbiraw/traefik-provider/internal/merge.go:28.4,28.43 1 1
github.com/zalbiraw/traefik-provider/internal/merge.go:22.39,24.5 1 1
github.com/zalbiraw/traefik-provider/internal/merge.go:25.40,27.5 1 1
github.com/zalbiraw/traefik-provider/internal/merge.go:28.43,30.5 1 1
github.com/zalbiraw/traefik-provider/internal/merge.go:32.21,33.38 1 1
github.com/zalbiraw/traefik-provider/internal/merge.go:36.4,36.39 1 1
github.com/zalbiraw/traefik-provider/internal/merge.go:39.4,39.42 1 1
github.com/zalbiraw/traefik-provider/internal/merge.go:33.38,35.5 1 1
github.com/zalbiraw/traefik-provider/internal/merge.go:36.39,38.5 1 1
github.com/zalbiraw/traefik-provider/internal/merge.go:39.42,41.5 1 1
github.com/zalbiraw/traefik-provider/internal/merge.go:43.21,44.38 1 1
github.com/zalbiraw/traefik-provider/internal/merge.go:47.4,47.39 1 1
github.com/zalbiraw/traefik-provider/internal/merge.go:44.38,46.5 1 1
github.com/zalbiraw/traefik-provider/internal/merge.go:47.39,49.5 1 1
github.com/zalbiraw/traefik-provider/internal/merge.go:51.21,53.38 2 1
github.com/zalbiraw/traefik-provider/internal/merge.go:56.4,56.37 1 1
github.com/zalbiraw/traefik-provider/internal/merge.go:53.38,55.5 1 1
github.com/zalbiraw/traefik-provider/internal/merge.go:56.37,58.5 1 1
github.com/zalbiraw/traefik-provider/config/config.go:4.29,22.2 1 1
github.com/zalbiraw/traefik-provider/internal/overrides/helpers.go:9.149,11.86 2 1
github.com/zalbiraw/traefik-provider/internal/overrides/helpers.go:11.86,14.3 2 1
github.com/zalbiraw/traefik-provider/internal/overrides/helpers.go:23.3,24.27 1 1
github.com/zalbiraw/traefik-provider/internal/overrides/helpers.go:25.16,26.61 1 1
github.com/zalbiraw/traefik-provider/internal/overrides/helpers.go:27.14,28.62 1 1
github.com/zalbiraw/traefik-provider/internal/overrides/helpers.go:32.154,34.88 2 1
github.com/zalbiraw/traefik-provider/internal/overrides/helpers.go:34.88,37.3 2 1
github.com/zalbiraw/traefik-provider/internal/overrides/helpers.go:46.3,47.27 1 1
github.com/zalbiraw/traefik-provider/internal/overrides/helpers.go:48.16,49.63 1 1
github.com/zalbiraw/traefik-provider/internal/overrides/helpers.go:50.14,51.64 1 1
github.com/zalbiraw/traefik-provider/internal/overrides/helpers.go:55.163,57.87 2 1
github.com/zalbiraw/traefik-provider/internal/overrides/helpers.go:57.87,60.3 2 1
github.com/zalbiraw/traefik-provider/internal/overrides/helpers.go:69.3,70.27 1 1
github.com/zalbiraw/traefik-provider/internal/overrides/helpers.go:71.16,72.66 1 1
github.com/zalbiraw/traefik-provider/internal/overrides/helpers.go:73.14,74.67 1 1
github.com/zalbiraw/traefik-provider/internal/overrides/helpers.go:78.163,80.87 2 1
github.com/zalbiraw/traefik-provider/internal/overrides/helpers.go:80.87,83.3 2 1
github.com/zalbiraw/traefik-provider/internal/overrides/helpers.go:92.3,93.27 1 1
github.com/zalbiraw/traefik-provider/internal/overrides/helpers.go:94.16,95.66 1 1
github.com/zalbiraw/traefik-provider/internal/overrides/helpers.go:96.14,97.67 1 1
github.com/zalbiraw/traefik-provider/internal/overrides/http.go:10.97,12.40 1 1
github.com/zalbiraw/traefik-provider/internal/overrides/http.go:23.2,23.44 1 1
github.com/zalbiraw/traefik-provider/internal/overrides/http.go:31.2,31.42 1 1
github.com/zalbiraw/traefik-provider/internal/overrides/http.go:42.2,42.44 1 1
github.com/zalbiraw/traefik-provider/internal/overrides/http.go:12.40,13.94 1 1
github.com/zalbiraw/traefik-provider/internal/overrides/http.go:13.94,14.33 1 1
github.com/zalbiraw/traefik-provider/internal/overrides/http.go:14.33,16.5 1 1
github.com/zalbiraw/traefik-provider/internal/overrides/http.go:16.10,18.5 1 1
github.com/zalbiraw/traefik-provider/internal/overrides/http.go:23.44,25.42 1 1
github.com/zalbiraw/traefik-provider/internal/overrides/http.go:25.42,25.65 1 1
github.com/zalbiraw/traefik-provider/internal/overrides/http.go:26.38,26.82 1 1
github.com/zalbiraw/traefik-provider/internal/overrides/http.go:31.42,32.92 1 1
github.com/zalbiraw/traefik-provider/internal/overrides/http.go:32.92,33.33 1 1
github.com/zalbiraw/traefik-provider/internal/overrides/http.go:33.33,35.5 1 1
github.com/zalbiraw/traefik-provider/internal/overrides/http.go:35.10,37.5 1 1
github.com/zalbiraw/traefik-provider/internal/overrides/http.go:42.44,44.42 1 1
github.com/zalbiraw/traefik-provider/internal/overrides/http.go:44.42,44.65 1 1
github.com/zalbiraw/traefik-provider/internal/overrides/http.go:45.38,45.82 1 1
github.com/zalbiraw/traefik-provider/internal/overrides/http.go:51.131,53.42 1 1
github.com/zalbiraw/traefik-provider/internal/overrides/http.go:79.2,79.45 1 1
github.com/zalbiraw/traefik-provider/internal/overrides/http.go:53.42,55.41 1 1
github.com/zalbiraw/traefik-provider/internal/overrides/http.go:55.41,59.27 2 1
github.com/zalbiraw/traefik-provider/internal/overrides/http.go:66.5,66.28 1 1
github.com/zalbiraw/traefik-provider/internal/overrides/http.go:71.5,71.37 1 1
github.com/zalbiraw/traefik-provider/internal/overrides/http.go:59.27,60.37 1 1
github.com/zalbiraw/traefik-provider/internal/overrides/http.go:60.37,61.38 1 1
github.com/zalbiraw/traefik-provider/internal/overrides/http.go:61.38,63.8 1 1
github.com/zalbiraw/traefik-provider/internal/overrides/http.go:66.28,69.6 2 1
github.com/zalbiraw/traefik-provider/internal/overrides/http.go:73.39,75.5 1 1
github.com/zalbiraw/traefik-provider/internal/overrides/http.go:79.45,80.107 1 1
github.com/zalbiraw/traefik-provider/internal/overrides/http.go:80.107,81.66 1 1
github.com/zalbiraw/traefik-provider/internal/overrides/http.go:81.66,82.22 1 1
github.com/zalbiraw/traefik-provider/internal/overrides/http.go:85.5,85.26 1 1
github.com/zalbiraw/traefik-provider/internal/overrides/http.go:88.5,88.25 1 1
github.com/zalbiraw/traefik-provider/internal/overrides/http.go:82.22,84.6 1 1
github.com/zalbiraw/traefik-provider/internal/overrides/http.go:85.26,87.6 1 1
github.com/zalbiraw/traefik-provider/internal/overrides/http.go:88.25,90.6 1 1
github.com/zalbiraw/traefik-provider/internal/overrides/names.go:10.40,11.16 1 0
github.com/zalbiraw/traefik-provider/internal/overrides/names.go:14.2,14.47 1 0
github.com/zalbiraw/traefik-provider/internal/overrides/names.go:17.2,17.13 1 0
github.com/zalbiraw/traefik-provider/internal/overrides/names.go:11.16,13.3 1 0
github.com/zalbiraw/traefik-provider/internal/overrides/names.go:14.47,16.3 1 0
github.com/zalbiraw/traefik-provider/internal/overrides/names.go:22.66,24.25 2 0
github.com/zalbiraw/traefik-provider/internal/overrides/names.go:27.2,27.12 1 0
github.com/zalbiraw/traefik-provider/internal/overrides/names.go:24.25,26.3 1 0
github.com/zalbiraw/traefik-provider/internal/overrides/names.go:32.70,34.24 2 0
github.com/zalbiraw/traefik-provider/internal/overrides/names.go:34.24,35.31 1 0
github.com/zalbiraw/traefik-provider/internal/overrides/names.go:35.31,37.4 1 0
github.com/zalbiraw/traefik-provider/internal/overrides/names.go:42.57,46.32 4 0
github.com/zalbiraw/traefik-provider/internal/overrides/names.go:46.32,48.3 1 0
github.com/zalbiraw/traefik-provider/internal/overrides/names.go:52.55,56.32 4 0
github.com/zalbiraw/traefik-provider/internal/overrides/names.go:56.32,59.3 1 0
github.com/zalbiraw/traefik-provider/internal/overrides/names.go:63.55,66.32 3 0
github.com/zalbiraw/traefik-provider/internal/overrides/names.go:66.32,68.3 1 0
github.com/zalbiraw/traefik-provider/internal/overrides/tcp.go:10.118,11.36 1 1
github.com/zalbiraw/traefik-provider/internal/overrides/tcp.go:11.36,14.3 2 1
github.com/zalbiraw/traefik-provider/internal/overrides/tcp.go:22.3,23.27 1 1
github.com/zalbiraw/traefik-provider/internal/overrides/tcp.go:24.16,25.44 1 1
github.com/zalbiraw/traefik-provider/internal/overrides/tcp.go:26.14,27.45 1 1
github.com/zalbiraw/traefik-provider/internal/overrides/tcp.go:31.99,32.44 1 1
github.com/zalbiraw/traefik-provider/internal/overrides/tcp.go:39.2,39.42 1 1
github.com/zalbiraw/traefik-provider/internal/overrides/tcp.go:49.2,49.44 1 1
github.com/zalbiraw/traefik-provider/internal/overrides/tcp.go:32.44,34.45 1 1
github.com/zalbiraw/traefik-provider/internal/overrides/tcp.go:34.45,34.68 1 1
github.com/zalbiraw/traefik-provider/internal/overrides/tcp.go:35.41,35.85 1 1
github.com/zalbiraw/traefik-provider/internal/overrides/tcp.go:39.42,40.79 1 1
github.com/zalbiraw/traefik-provider/internal/overrides/tcp.go:40.79,41.33 1 1
github.com/zalbiraw/traefik-provider/internal/overrides/tcp.go:41.33,43.5 1 1
github.com/zalbiraw/traefik-provider/internal/overrides/tcp.go:43.10,45.5 1 1
github.com/zalbiraw/traefik-provider/internal/overrides/tcp.go:49.44,51.45 1 1
github.com/zalbiraw/traefik-provider/internal/overrides/tcp.go:51.45,51.68 1 1
github.com/zalbiraw/traefik-provider/internal/overrides/tcp.go:52.41,52.85 1 1
github.com/zalbiraw/traefik-provider/internal/overrides/tcp.go:58.133,60.42 1 1
github.com/zalbiraw/traefik-provider/internal/overrides/tcp.go:60.42,62.44 1 1
github.com/zalbiraw/traefik-provider/internal/overrides/tcp.go:62.44,66.27 2 1
github.com/zalbiraw/traefik-provider/internal/overrides/tcp.go:75.5,75.28 1 1
github.com/zalbiraw/traefik-provider/internal/overrides/tcp.go:80.5,80.37 1 1
github.com/zalbiraw/traefik-provider/internal/overrides/tcp.go:66.27,67.37 1 1
github.com/zalbiraw/traefik-provider/internal/overrides/tcp.go:67.37,68.38 1 1
github.com/zalbiraw/traefik-provider/internal/overrides/tcp.go:68.38,70.8 1 1
github.com/zalbiraw/traefik-provider/internal/overrides/tcp.go:75.28,78.6 2 1
github.com/zalbiraw/traefik-provider/internal/overrides/tcp.go:82.42,84.5 1 1
github.com/zalbiraw/traefik-provider/internal/overrides/udp.go:12.118,13.36 1 1
github.com/zalbiraw/traefik-provider/internal/overrides/udp.go:13.36,16.3 2 1
github.com/zalbiraw/traefik-provider/internal/overrides/udp.go:24.3,25.27 1 1
github.com/zalbiraw/traefik-provider/internal/overrides/udp.go:26.16,27.44 1 1
github.com/zalbiraw/traefik-provider/internal/overrides/udp.go:28.14,29.45 1 1
github.com/zalbiraw/traefik-provider/internal/overrides/udp.go:33.96,34.44 1 1
github.com/zalbiraw/traefik-provider/internal/overrides/udp.go:41.2,41.42 1 1
github.com/zalbiraw/traefik-provider/internal/overrides/udp.go:34.44,36.45 1 1
github.com/zalbiraw/traefik-provider/internal/overrides/udp.go:36.45,36.68 1 1
github.com/zalbiraw/traefik-provider/internal/overrides/udp.go:37.41,37.85 1 1
github.com/zalbiraw/traefik-provider/internal/overrides/udp.go:41.42,42.79 1 1
github.com/zalbiraw/traefik-provider/internal/overrides/udp.go:42.79,43.33 1 1
github.com/zalbiraw/traefik-provider/internal/overrides/udp.go:43.33,45.5 1 1
github.com/zalbiraw/traefik-provider/internal/overrides/udp.go:45.10,47.5 1 1
github.com/zalbiraw/traefik-provider/internal/overrides/udp.go:53.133,55.42 1 1
github.com/zalbiraw/traefik-provider/internal/overrides/udp.go:55.42,57.44 1 1
github.com/zalbiraw/traefik-provider/internal/overrides/udp.go:57.44,61.27 2 1
github.com/zalbiraw/traefik-provider/internal/overrides/udp.go:70.5,70.28 1 1
github.com/zalbiraw/traefik-provider/internal/overrides/udp.go:75.5,75.37 1 1
github.com/zalbiraw/traefik-provider/internal/overrides/udp.go:61.27,62.37 1 1
github.com/zalbiraw/traefik-provider/internal/overrides/udp.go:62.37,63.38 1 1
github.com/zalbiraw/traefik-provider/internal/overrides/udp.go:63.38,65.8 1 1
github.com/zalbiraw/traefik-provider/internal/overrides/udp.go:70.28,73.6 2 1
github.com/zalbiraw/traefik-provider/internal/overrides/udp.go:77.42,79.5 1 1
github.com/zalbiraw/traefik-provider/internal/filters/tls.go:10.103,13.9 3 1
github.com/zalbiraw/traefik-provider/internal/filters/tls.go:16.2,16.33 1 1
github.com/zalbiraw/traefik-provider/internal/filters/tls.go:31.2,31.14 1 1
github.com/zalbiraw/traefik-provider/internal/filters/tls.go:13.9,15.3 1 1
github.com/zalbiraw/traefik-provider/internal/filters/tls.go:16.33,18.10 2 1
github.com/zalbiraw/traefik-provider/internal/filters/tls.go:21.3,23.17 3 1
github.com/zalbiraw/traefik-provider/internal/filters/tls.go:26.3,26.50 1 1
github.com/zalbiraw/traefik-provider/internal/filters/tls.go:29.3,29.70 1 1
github.com/zalbiraw/traefik-provider/internal/filters/tls.go:18.10,19.12 1 1
github.com/zalbiraw/traefik-provider/internal/filters/tls.go:23.17,24.12 1 1
github.com/zalbiraw/traefik-provider/internal/filters/tls.go:26.50,27.12 1 1
github.com/zalbiraw/traefik-provider/internal/filters/tls.go:34.95,37.9 3 1
github.com/zalbiraw/traefik-provider/internal/filters/tls.go:40.2,40.36 1 1
github.com/zalbiraw/traefik-provider/internal/filters/tls.go:55.2,55.15 1 1
github.com/zalbiraw/traefik-provider/internal/filters/tls.go:37.9,39.3 1 1
github.com/zalbiraw/traefik-provider/internal/filters/tls.go:40.36,42.10 2 1
github.com/zalbiraw/traefik-provider/internal/filters/tls.go:45.3,47.17 3 1
github.com/zalbiraw/traefik-provider/internal/filters/tls.go:50.3,50.49 1 1
github.com/zalbiraw/traefik-provider/internal/filters/tls.go:53.3,53.21 1 1
github.com/zalbiraw/traefik-provider/internal/filters/tls.go:42.10,43.12 1 1
github.com/zalbiraw/traefik-provider/internal/filters/tls.go:47.17,48.12 1 1
github.com/zalbiraw/traefik-provider/internal/filters/tls.go:50.49,51.12 1 1
github.com/zalbiraw/traefik-provider/internal/filters/tls.go:58.91,61.9 3 1
github.com/zalbiraw/traefik-provider/internal/filters/tls.go:64.2,64.35 1 1
github.com/zalbiraw/traefik-provider/internal/filters/tls.go:79.2,79.15 1 1
github.com/zalbiraw/traefik-provider/internal/filters/tls.go:61.9,63.3 1 1
github.com/zalbiraw/traefik-provider/internal/filters/tls.go:64.35,66.10 2 1
github.com/zalbiraw/traefik-provider/internal/filters/tls.go:69.3,71.17 3 1
github.com/zalbiraw/traefik-provider/internal/filters/tls.go:74.3,74.51 1 1
github.com/zalbiraw/traefik-provider/internal/filters/tls.go:77.3,77.23 1 1
github.com/zalbiraw/traefik-provider/internal/filters/tls.go:66.10,67.12 1 1
github.com/zalbiraw/traefik-provider/internal/filters/tls.go:71.17,72.12 1 1
github.com/zalbiraw/traefik-provider/internal/filters/tls.go:74.51,75.12 1 1
github.com/zalbiraw/traefik-provider/internal/filters/udp.go:8.142,11.23 3 1
github.com/zalbiraw/traefik-provider/internal/filters/udp.go:15.2,15.104 1 1
github.com/zalbiraw/traefik-provider/internal/filters/udp.go:19.2,20.37 2 1
github.com/zalbiraw/traefik-provider/internal/filters/udp.go:34.2,34.15 1 1
github.com/zalbiraw/traefik-provider/internal/filters/udp.go:11.23,13.3 1 0
github.com/zalbiraw/traefik-provider/internal/filters/udp.go:15.104,17.3 1 1
github.com/zalbiraw/traefik-provider/internal/filters/udp.go:20.37,21.34 1 1
github.com/zalbiraw/traefik-provider/internal/filters/udp.go:26.3,26.27 1 1
github.com/zalbiraw/traefik-provider/internal/filters/udp.go:32.3,32.24 1 1
github.com/zalbiraw/traefik-provider/internal/filters/udp.go:21.34,22.71 1 1
github.com/zalbiraw/traefik-provider/internal/filters/udp.go:22.71,23.13 1 1
github.com/zalbiraw/traefik-provider/internal/filters/udp.go:26.27,28.30 2 1
github.com/zalbiraw/traefik-provider/internal/filters/udp.go:28.30,29.13 1 1
github.com/zalbiraw/traefik-provider/internal/filters/udp.go:37.147,40.23 3 1
github.com/zalbiraw/traefik-provider/internal/filters/udp.go:44.2,44.48 1 1
github.com/zalbiraw/traefik-provider/internal/filters/udp.go:48.2,49.38 2 1
github.com/zalbiraw/traefik-provider/internal/filters/udp.go:52.2,52.15 1 1
github.com/zalbiraw/traefik-provider/internal/filters/udp.go:40.23,42.3 1 0
github.com/zalbiraw/traefik-provider/internal/filters/udp.go:44.48,46.3 1 1
github.com/zalbiraw/traefik-provider/internal/filters/udp.go:49.38,51.3 1 1
github.com/zalbiraw/traefik-provider/internal/filters/common.go:8.54,9.19 1 1
github.com/zalbiraw/traefik-provider/internal/filters/common.go:12.2,13.16 2 1
github.com/zalbiraw/traefik-provider/internal/filters/common.go:16.2,16.35 1 1
github.com/zalbiraw/traefik-provider/internal/filters/common.go:9.19,11.3 1 1
github.com/zalbiraw/traefik-provider/internal/filters/common.go:13.16,15.3 1 1
github.com/zalbiraw/traefik-provider/internal/filters/common.go:21.105,23.26 2 1
github.com/zalbiraw/traefik-provider/internal/filters/common.go:39.2,39.15 1 1
github.com/zalbiraw/traefik-provider/internal/filters/common.go:23.26,24.17 1 1
github.com/zalbiraw/traefik-provider/internal/filters/common.go:30.3,30.21 1 1
github.com/zalbiraw/traefik-provider/internal/filters/common.go:37.3,37.25 1 1
github.com/zalbiraw/traefik-provider/internal/filters/common.go:24.17,26.30 2 1
github.com/zalbiraw/traefik-provider/internal/filters/common.go:26.30,27.13 1 1
github.com/zalbiraw/traefik-provider/internal/filters/common.go:30.21,33.30 3 0
github.com/zalbiraw/traefik-provider/internal/filters/common.go:33.30,34.13 1 0
github.com/zalbiraw/traefik-provider/internal/filters/common.go:43.65,44.25 1 1
github.com/zalbiraw/traefik-provider/internal/filters/common.go:47.2,48.31 2 1
github.com/zalbiraw/traefik-provider/internal/filters/common.go:51.2,51.31 1 1
github.com/zalbiraw/traefik-provider/internal/filters/common.go:56.2,56.13 1 1
github.com/zalbiraw/traefik-provider/internal/filters/common.go:44.25,46.3 1 1
github.com/zalbiraw/traefik-provider/internal/filters/common.go:48.31,50.3 1 1
github.com/zalbiraw/traefik-provider/internal/filters/common.go:51.31,52.28 1 1
github.com/zalbiraw/traefik-provider/internal/filters/common.go:52.28,54.4 1 1
github.com/zalbiraw/traefik-provider/internal/filters/common.go:61.50,62.38 1 0
github.com/zalbiraw/traefik-provider/internal/filters/common.go:70.2,70.11 1 0
github.com/zalbiraw/traefik-provider/internal/filters/common.go:62.38,63.21 1 0
github.com/zalbiraw/traefik-provider/internal/filters/common.go:63.21,64.23 1 0
github.com/zalbiraw/traefik-provider/internal/filters/common.go:67.4,67.13 1 0
github.com/zalbiraw/traefik-provider/internal/filters/common.go:64.23,66.5 1 0
github.com/zalbiraw/traefik-provider/internal/filters/http.go:8.134,11.23 3 1
github.com/zalbiraw/traefik-provider/internal/filters/http.go:15.2,15.130 1 1
github.com/zalbiraw/traefik-provider/internal/filters/http.go:19.2,20.37 2 1
github.com/zalbiraw/traefik-provider/internal/filters/http.go:43.2,43.15 1 1
github.com/zalbiraw/traefik-provider/internal/filters/http.go:11.23,13.3 1 0
github.com/zalbiraw/traefik-provider/internal/filters/http.go:15.130,17.3 1 1
github.com/zalbiraw/traefik-provider/internal/filters/http.go:20.37,21.28 1 1
github.com/zalbiraw/traefik-provider/internal/filters/http.go:24.3,24.35 1 1
github.com/zalbiraw/traefik-provider/internal/filters/http.go:29.3,29.25 1 1
github.com/zalbiraw/traefik-provider/internal/filters/http.go:35.3,35.28 1 1
github.com/zalbiraw/traefik-provider/internal/filters/http.go:41.3,41.24 1 1
github.com/zalbiraw/traefik-provider/internal/filters/http.go:21.28,23.4 1 1
github.com/zalbiraw/traefik-provider/internal/filters/http.go:24.35,25.72 1 1
github.com/zalbiraw/traefik-provider/internal/filters/http.go:25.72,26.13 1 1
github.com/zalbiraw/traefik-provider/internal/filters/http.go:29.25,31.30 2 1
github.com/zalbiraw/traefik-provider/internal/filters/http.go:31.30,32.13 1 1
github.com/zalbiraw/traefik-provider/internal/filters/http.go:35.28,37.30 2 1
github.com/zalbiraw/traefik-provider/internal/filters/http.go:37.30,38.13 1 1
github.com/zalbiraw/traefik-provider/internal/filters/http.go:46.139,49.23 3 1
github.com/zalbiraw/traefik-provider/internal/filters/http.go:53.2,53.48 1 1
github.com/zalbiraw/traefik-provider/internal/filters/http.go:57.2,58.38 2 1
github.com/zalbiraw/traefik-provider/internal/filters/http.go:61.2,61.15 1 1
github.com/zalbiraw/traefik-provider/internal/filters/http.go:49.23,51.3 1 0
github.com/zalbiraw/traefik-provider/internal/filters/http.go:53.48,55.3 1 1
github.com/zalbiraw/traefik-provider/internal/filters/http.go:58.38,60.3 1 1
github.com/zalbiraw/traefik-provider/internal/filters/http.go:64.154,67.23 3 1
github.com/zalbiraw/traefik-provider/internal/filters/http.go:71.2,71.48 1 1
github.com/zalbiraw/traefik-provider/internal/filters/http.go:75.2,76.41 2 1
github.com/zalbiraw/traefik-provider/internal/filters/http.go:79.2,79.15 1 1
github.com/zalbiraw/traefik-provider/internal/filters/http.go:67.23,69.3 1 0
github.com/zalbiraw/traefik-provider/internal/filters/http.go:71.48,73.3 1 1
github.com/zalbiraw/traefik-provider/internal/filters/http.go:76.41,78.3 1 1
github.com/zalbiraw/traefik-provider/internal/filters/tcp.go:8.139,11.23 3 1
github.com/zalbiraw/traefik-provider/internal/filters/tcp.go:15.2,15.125 1 1
github.com/zalbiraw/traefik-provider/internal/filters/tcp.go:19.2,20.37 2 1
github.com/zalbiraw/traefik-provider/internal/filters/tcp.go:40.2,40.15 1 1
github.com/zalbiraw/traefik-provider/internal/filters/tcp.go:11.23,13.3 1 0
github.com/zalbiraw/traefik-provider/internal/filters/tcp.go:15.125,17.3 1 1
github.com/zalbiraw/traefik-provider/internal/filters/tcp.go:20.37,21.34 1 1
github.com/zalbiraw/traefik-provider/internal/filters/tcp.go:26.3,26.24 1 1
github.com/zalbiraw/traefik-provider/internal/filters/tcp.go:32.3,32.27 1 1
github.com/zalbiraw/traefik-provider/internal/filters/tcp.go:38.3,38.24 1 1
github.com/zalbiraw/traefik-provider/internal/filters/tcp.go:21.34,22.71 1 1
github.com/zalbiraw/traefik-provider/internal/filters/tcp.go:22.71,23.13 1 1
github.com/zalbiraw/traefik-provider/internal/filters/tcp.go:26.24,28.30 2 1
github.com/zalbiraw/traefik-provider/internal/filters/tcp.go:28.30,29.13 1 1
github.com/zalbiraw/traefik-provider/internal/filters/tcp.go:32.27,34.30 2 1
github.com/zalbiraw/traefik-provider/internal/filters/tcp.go:34.30,35.13 1 1
github.com/zalbiraw/traefik-provider/internal/filters/tcp.go:43.144,46.23 3 1
github.com/zalbiraw/traefik-provider/internal/filters/tcp.go:50.2,50.48 1 1
github.com/zalbiraw/traefik-provider/internal/filters/tcp.go:54.2,55.38 2 1
github.com/zalbiraw/traefik-provider/internal/filters/tcp.go:58.2,58.15 1 1
github.com/zalbiraw/traefik-provider/internal/filters/tcp.go:46.23,48.3 1 0
github.com/zalbiraw/traefik-provider/internal/filters/tcp.go:50.48,52.3 1 1
github.com/zalbiraw/traefik-provider/internal/filters/tcp.go:55.38,57.3 1 1
github.com/zalbiraw/traefik-provider/internal/filters/tcp.go:61.159,64.23 3 1
github.com/zalbiraw/traefik-provider/internal/filters/tcp.go:68.2,68.48 1 1
github.com/zalbiraw/traefik-provider/internal/filters/tcp.go:72.2,73.41 2 1
github.com/zalbiraw/traefik-provider/internal/filters/tcp.go:76.2,76.15 1 1
github.com/zalbiraw/traefik-provider/internal/filters/tcp.go:64.23,66.3 1 0
github.com/zalbiraw/traefik-provider/internal/filters/tcp.go:68.48,70.3 1 1
github.com/zalbiraw/traefik-provider/internal/filters/tcp.go:73.41,75.3 1 1
github.com/zalbiraw/traefik-provider/traefik-provider.go:25.86,26.31 1 0
github.com/zalbiraw/traefik-provider/traefik-provider.go:29.2,30.16 2 0
github.com/zalbiraw/traefik-provider/traefik-provider.go:33.2,33.13 1 0
github.com/zalbiraw/traefik-provider/traefik-provider.go:37.2,37.32 1 0
github.com/zalbiraw/traefik-provider/traefik-provider.go:40.2,40.37 1 0
github.com/zalbiraw/traefik-provider/traefik-provider.go:52.2,56.8 1 0
github.com/zalbiraw/traefik-provider/traefik-provider.go:26.31,28.3 1 0
github.com/zalbiraw/traefik-provider/traefik-provider.go:30.16,32.3 1 0
github.com/zalbiraw/traefik-provider/traefik-provider.go:33.13,35.3 1 0
github.com/zalbiraw/traefik-provider/traefik-provider.go:37.32,39.3 1 0
github.com/zalbiraw/traefik-provider/traefik-provider.go:40.37,41.19 1 0
github.com/zalbiraw/traefik-provider/traefik-provider.go:44.3,44.30 1 0
github.com/zalbiraw/traefik-provider/traefik-provider.go:47.3,47.29 1 0
github.com/zalbiraw/traefik-provider/traefik-provider.go:41.19,43.4 1 0
github.com/zalbiraw/traefik-provider/traefik-provider.go:44.30,46.4 1 0
github.com/zalbiraw/traefik-provider/traefik-provider.go:47.29,49.4 1 0
github.com/zalbiraw/traefik-provider/traefik-provider.go:59.33,60.25 1 0
github.com/zalbiraw/traefik-provider/traefik-provider.go:64.2,64.12 1 0
github.com/zalbiraw/traefik-provider/traefik-provider.go:60.25,62.3 1 0
github.com/zalbiraw/traefik-provider/traefik-provider.go:67.65,71.12 3 0
github.com/zalbiraw/traefik-provider/traefik-provider.go:81.2,81.12 1 0
github.com/zalbiraw/traefik-provider/traefik-provider.go:71.12,72.16 1 0
github.com/zalbiraw/traefik-provider/traefik-provider.go:78.3,78.36 1 0
github.com/zalbiraw/traefik-provider/traefik-provider.go:72.16,73.36 1 0
github.com/zalbiraw/traefik-provider/traefik-provider.go:73.36,75.5 1 0
github.com/zalbiraw/traefik-provider/traefik-provider.go:84.90,88.6 3 0
github.com/zalbiraw/traefik-provider/traefik-provider.go:88.6,89.10 1 0
github.com/zalbiraw/traefik-provider/traefik-provider.go:90.19,92.38 2 0
github.com/zalbiraw/traefik-provider/traefik-provider.go:96.4,97.58 2 0
github.com/zalbiraw/traefik-provider/traefik-provider.go:98.21,99.10 1 0
github.com/zalbiraw/traefik-provider/traefik-provider.go:92.38,95.5 2 0
github.com/zalbiraw/traefik-provider/traefik-provider.go:104.33,107.2 2 0
github.com/zalbiraw/traefik-provider/internal/httpclient/client.go:16.87,17.112 1 1
github.com/zalbiraw/traefik-provider/internal/httpclient/client.go:21.2,25.42 4 1
github.com/zalbiraw/traefik-provider/internal/httpclient/client.go:30.2,31.16 2 1
github.com/zalbiraw/traefik-provider/internal/httpclient/client.go:34.2,36.28 2 0
github.com/zalbiraw/traefik-provider/internal/httpclient/client.go:40.2,41.16 2 0
github.com/zalbiraw/traefik-provider/internal/httpclient/client.go:44.2,45.16 2 0
github.com/zalbiraw/traefik-provider/internal/httpclient/client.go:48.2,48.12 1 0
github.com/zalbiraw/traefik-provider/internal/httpclient/client.go:17.112,19.3 1 1
github.com/zalbiraw/traefik-provider/internal/httpclient/client.go:25.42,26.79 1 0
github.com/zalbiraw/traefik-provider/internal/httpclient/client.go:26.79,28.4 1 0
github.com/zalbiraw/traefik-provider/internal/httpclient/client.go:31.16,33.3 1 1
github.com/zalbiraw/traefik-provider/internal/httpclient/client.go:36.28,38.3 1 0
github.com/zalbiraw/traefik-provider/internal/httpclient/client.go:41.16,43.3 1 0
github.com/zalbiraw/traefik-provider/internal/httpclient/client.go:45.16,47.3 1 0
github.com/zalbiraw/traefik-provider/internal/httpclient/client.go:52.58,57.2 4 1
github.com/zalbiraw/traefik-provider/internal/httpclient/client.go:60.80,62.16 2 1
github.com/zalbiraw/traefik-provider/internal/httpclient/client.go:65.2,65.28 1 1
github.com/zalbiraw/traefik-provider/internal/httpclient/client.go:68.2,68.43 1 1
github.com/zalbiraw/traefik-provider/internal/httpclient/client.go:71.2,71.12 1 1
github.com/zalbiraw/traefik-provider/internal/httpclient/client.go:62.16,64.3 1 1
github.com/zalbiraw/traefik-provider/internal/httpclient/client.go:65.28,67.3 1 1
github.com/zalbiraw/traefik-provider/internal/httpclient/client.go:68.43,70.3 1 1
github.com/zalbiraw/traefik-provider/internal/httpclient/client.go:75.113,77.56 2 1
github.com/zalbiraw/traefik-provider/internal/httpclient/client.go:80.2,81.51 2 1
github.com/zalbiraw/traefik-provider/internal/httpclient/client.go:85.2,92.29 2 1
github.com/zalbiraw/traefik-provider/internal/httpclient/client.go:96.2,96.28 1 1
github.com/zalbiraw/traefik-provider/internal/httpclient/client.go:100.2,100.28 1 1
github.com/zalbiraw/traefik-provider/internal/httpclient/client.go:104.2,104.28 1 1
github.com/zalbiraw/traefik-provider/internal/httpclient/client.go:108.2,108.32 1 1
github.com/zalbiraw/traefik-provider/internal/httpclient/client.go:113.2,113.31 1 1
github.com/zalbiraw/traefik-provider/internal/httpclient/client.go:118.2,118.30 1 1
github.com/zalbiraw/traefik-provider/internal/httpclient/client.go:123.2,123.30 1 1
github.com/zalbiraw/traefik-provider/internal/httpclient/client.go:128.2,128.30 1 1
github.com/zalbiraw/traefik-provider/internal/httpclient/client.go:132.2,138.17 2 1
github.com/zalbiraw/traefik-provider/internal/httpclient/client.go:77.56,79.3 1 1
github.com/zalbiraw/traefik-provider/internal/httpclient/client.go:81.51,83.3 1 1
github.com/zalbiraw/traefik-provider/internal/httpclient/client.go:92.29,94.3 1 1
github.com/zalbiraw/traefik-provider/internal/httpclient/client.go:96.28,98.3 1 1
github.com/zalbiraw/traefik-provider/internal/httpclient/client.go:100.28,102.3 1 1
github.com/zalbiraw/traefik-provider/internal/httpclient/client.go:104.28,106.3 1 1
github.com/zalbiraw/traefik-provider/internal/httpclient/client.go:108.32,110.3 1 1
github.com/zalbiraw/traefik-provider/internal/httpclient/client.go:113.31,115.3 1 1
github.com/zalbiraw/traefik-provider/internal/httpclient/client.go:118.30,120.3 1 1
github.com/zalbiraw/traefik-provider/internal/httpclient/client.go:123.30,125.3 1 1
github.com/zalbiraw/traefik-provider/internal/httpclient/client.go:128.30,130.3 1 1
github.com/zalbiraw/traefik-provider/internal/httpclient/parsers.go:12.60,14.54 2 1
github.com/zalbiraw/traefik-provider/internal/httpclient/parsers.go:24.2,24.15 1 1
github.com/zalbiraw/traefik-provider/internal/httpclient/parsers.go:14.54,15.39 1 1
github.com/zalbiraw/traefik-provider/internal/httpclient/parsers.go:15.39,17.60 2 1
github.com/zalbiraw/traefik-provider/internal/httpclient/parsers.go:17.60,21.5 3 1
github.com/zalbiraw/traefik-provider/internal/httpclient/parsers.go:27.188,28.35 1 1
github.com/zalbiraw/traefik-provider/internal/httpclient/parsers.go:31.2,31.36 1 1
github.com/zalbiraw/traefik-provider/internal/httpclient/parsers.go:34.2,34.39 1 1
github.com/zalbiraw/traefik-provider/internal/httpclient/parsers.go:38.2,38.37 1 1
github.com/zalbiraw/traefik-provider/internal/httpclient/parsers.go:60.2,60.38 1 1
github.com/zalbiraw/traefik-provider/internal/httpclient/parsers.go:82.2,82.41 1 1
github.com/zalbiraw/traefik-provider/internal/httpclient/parsers.go:102.2,102.12 1 1
github.com/zalbiraw/traefik-provider/internal/httpclient/parsers.go:28.35,30.3 1 1
github.com/zalbiraw/traefik-provider/internal/httpclient/parsers.go:31.36,33.3 1 1
github.com/zalbiraw/traefik-provider/internal/httpclient/parsers.go:34.39,36.3 1 1
github.com/zalbiraw/traefik-provider/internal/httpclient/parsers.go:38.37,39.40 1 1
github.com/zalbiraw/traefik-provider/internal/httpclient/parsers.go:43.3,43.60 1 1
github.com/zalbiraw/traefik-provider/internal/httpclient/parsers.go:56.3,57.86 2 1
github.com/zalbiraw/traefik-provider/internal/httpclient/parsers.go:39.40,42.4 2 1
github.com/zalbiraw/traefik-provider/internal/httpclient/parsers.go:43.60,45.18 2 1
github.com/zalbiraw/traefik-provider/internal/httpclient/parsers.go:48.4,49.53 2 1
github.com/zalbiraw/traefik-provider/internal/httpclient/parsers.go:52.4,52.77 1 1
github.com/zalbiraw/traefik-provider/internal/httpclient/parsers.go:45.18,46.13 1 1
github.com/zalbiraw/traefik-provider/internal/httpclient/parsers.go:49.53,50.13 1 1
github.com/zalbiraw/traefik-provider/internal/httpclient/parsers.go:52.77,54.5 1 1
github.com/zalbiraw/traefik-provider/internal/httpclient/parsers.go:60.38,61.42 1 1
github.com/zalbiraw/traefik-provider/internal/httpclient/parsers.go:65.3,65.63 1 1
github.com/zalbiraw/traefik-provider/internal/httpclient/parsers.go:78.3,79.98 2 1
github.com/zalbiraw/traefik-provider/internal/httpclient/parsers.go:61.42,64.4 2 1
github.com/zalbiraw/traefik-provider/internal/httpclient/parsers.go:65.63,67.18 2 1
github.com/zalbiraw/traefik-provider/internal/httpclient/parsers.go:70.4,71.54 2 1
github.com/zalbiraw/traefik-provider/internal/httpclient/parsers.go:74.4,74.78 1 1
github.com/zalbiraw/traefik-provider/internal/httpclient/parsers.go:67.18,68.13 1 1
github.com/zalbiraw/traefik-provider/internal/httpclient/parsers.go:71.54,72.13 1 1
github.com/zalbiraw/traefik-provider/internal/httpclient/parsers.go:74.78,76.5 1 1
github.com/zalbiraw/traefik-provider/internal/httpclient/parsers.go:82.41,83.48 1 1
github.com/zalbiraw/traefik-provider/internal/httpclient/parsers.go:87.3,87.69 1 1
github.com/zalbiraw/traefik-provider/internal/httpclient/parsers.go:100.3,100.43 1 1
github.com/zalbiraw/traefik-provider/internal/httpclient/parsers.go:83.48,86.4 2 1
github.com/zalbiraw/traefik-provider/internal/httpclient/parsers.go:87.69,89.18 2 1
github.com/zalbiraw/traefik-provider/internal/httpclient/parsers.go:92.4,93.57 2 1
github.com/zalbiraw/traefik-provider/internal/httpclient/parsers.go:96.4,96.81 1 1
github.com/zalbiraw/traefik-provider/internal/httpclient/parsers.go:89.18,90.13 1 1
github.com/zalbiraw/traefik-provider/internal/httpclient/parsers.go:93.57,94.13 1 1
github.com/zalbiraw/traefik-provider/internal/httpclient/parsers.go:96.81,98.5 1 1
github.com/zalbiraw/traefik-provider/internal/httpclient/parsers.go:105.184,106.35 1 1
github.com/zalbiraw/traefik-provider/internal/httpclient/parsers.go:109.2,109.36 1 1
github.com/zalbiraw/traefik-provider/internal/httpclient/parsers.go:112.2,112.39 1 1
github.com/zalbiraw/traefik-provider/internal/httpclient/parsers.go:116.2,116.37 1 1
github.com/zalbiraw/traefik-provider/internal/httpclient/parsers.go:138.2,138.38 1 1
github.com/zalbiraw/traefik-provider/internal/httpclient/parsers.go:160.2,160.41 1 1
github.com/zalbiraw/traefik-provider/internal/httpclient/parsers.go:180.2,180.12 1 1
github.com/zalbiraw/traefik-provider/internal/httpclient/parsers.go:106.35,108.3 1 1
github.com/zalbiraw/traefik-provider/internal/httpclient/parsers.go:109.36,111.3 1 1
github.com/zalbiraw/traefik-provider/internal/httpclient/parsers.go:112.39,114.3 1 1
github.com/zalbiraw/traefik-provider/internal/httpclient/parsers.go:116.37,117.43 1 1
github.com/zalbiraw/traefik-provider/internal/httpclient/parsers.go:121.3,121.60 1 1
github.com/zalbiraw/traefik-provider/internal/httpclient/parsers.go:134.3,135.84 2 1
github.com/zalbiraw/traefik-provider/internal/httpclient/parsers.go:117.43,120.4 2 1
github.com/zalbiraw/traefik-provider/internal/httpclient/parsers.go:121.60,123.18 2 1
github.com/zalbiraw/traefik-provider/internal/httpclient/parsers.go:126.4,127.53 2 1
github.com/zalbiraw/traefik-provider/internal/httpclient/parsers.go:130.4,130.77 1 1
github.com/zalbiraw/traefik-provider/internal/httpclient/parsers.go:123.18,124.13 1 1
github.com/zalbiraw/traefik-provider/internal/httpclient/parsers.go:127.53,128.13 1 1
github.com/zalbiraw/traefik-provider/internal/httpclient/parsers.go:130.77,132.5 1 1
github.com/zalbiraw/traefik-provider/internal/httpclient/parsers.go:138.38,139.45 1 1
github.com/zalbiraw/traefik-provider/internal/httpclient/parsers.go:143.3,143.63 1 1
github.com/zalbiraw/traefik-provider/internal/httpclient/parsers.go:156.3,157.96 2 1
github.com/zalbiraw/traefik-provider/internal/httpclient/parsers.go:139.45,142.4 2 1
github.com/zalbiraw/traefik-provider/internal/httpclient/parsers.go:143.63,145.18 2 1
github.com/zalbiraw/traefik-provider/internal/httpclient/parsers.go:148.4,149.54 2 1
github.com/zalbiraw/traefik-provider/internal/httpclient/parsers.go:152.4,152.78 1 1
github.com/zalbiraw/traefik-provider/internal/httpclient/parsers.go:145.18,146.13 1 1
github.com/zalbiraw/traefik-provider/internal/httpclient/parsers.go:149.54,150.13 1 1
github.com/zalbiraw/traefik-provider/internal/httpclient/parsers.go:152.78,154.5 1 1
github.com/zalbiraw/traefik-provider/internal/httpclient/parsers.go:160.41,161.51 1 1
github.com/zalbiraw/traefik-provider/internal/httpclient/parsers.go:165.3,165.69 1 1
github.com/zalbiraw/traefik-provider/internal/httpclient/parsers.go:178.3,178.41 1 1
github.com/zalbiraw/traefik-provider/internal/httpclient/parsers.go:161.51,164.4 2 1
github.com/zalbiraw/traefik-provider/internal/httpclient/parsers.go:165.69,167.18 2 1
github.com/zalbiraw/traefik-provider/internal/httpclient/parsers.go:170.4,171.57 2 1
github.com/zalbiraw/traefik-provider/internal/httpclient/parsers.go:174.4,174.81 1 1
github.com/zalbiraw/traefik-provider/internal/httpclient/parsers.go:167.18,168.13 1 1
github.com/zalbiraw/traefik-provider/internal/httpclient/parsers.go:171.57,172.13 1 1
github.com/zalbiraw/traefik-provider/internal/httpclient/parsers.go:174.81,176.5 1 1
github.com/zalbiraw/traefik-provider/internal/httpclient/parsers.go:183.184,184.35 1 1
github.com/zalbiraw/traefik-provider/internal/httpclient/parsers.go:187.2,187.36 1 1
github.com/zalbiraw/traefik-provider/internal/httpclient/parsers.go:191.2,191.37 1 1
github.com/zalbiraw/traefik-provider/internal/httpclient/parsers.go:213.2,213.38 1 1
github.com/zalbiraw/traefik-provider/internal/httpclient/parsers.go:234.2,234.12 1 1
github.com/zalbiraw/traefik-provider/internal/httpclient/parsers.go:184.35,186.3 1 1
github.com/zalbiraw/traefik-provider/internal/httpclient/parsers.go:187.36,189.3 1 1
github.com/zalbiraw/traefik-provider/internal/httpclient/parsers.go:191.37,192.43 1 1
github.com/zalbiraw/traefik-provider/internal/httpclient/parsers.go:196.3,196.60 1 1
github.com/zalbiraw/traefik-provider/internal/httpclient/parsers.go:209.3,210.84 2 1
github.com/zalbiraw/traefik-provider/internal/httpclient/parsers.go:192.43,195.4 2 1
github.com/zalbiraw/traefik-provider/internal/httpclient/parsers.go:196.60,198.18 2 1
github.com/zalbiraw/traefik-provider/internal/httpclient/parsers.go:201.4,202.53 2 1
github.com/zalbiraw/traefik-provider/internal/httpclient/parsers.go:205.4,205.77 1 1
github.com/zalbiraw/traefik-provider/internal/httpclient/parsers.go:198.18,199.13 1 1
github.com/zalbiraw/traefik-provider/internal/httpclient/parsers.go:202.53,203.13 1 1
github.com/zalbiraw/traefik-provider/internal/httpclient/parsers.go:205.77,207.5 1 1
github.com/zalbiraw/traefik-provider/internal/httpclient/parsers.go:213.38,214.45 1 1
github.com/zalbiraw/traefik-provider/internal/httpclient/parsers.go:218.3,218.63 1 1
github.com/zalbiraw/traefik-provider/internal/httpclient/parsers.go:231.3,232.96 2 1
github.com/zalbiraw/traefik-provider/internal/httpclient/parsers.go:214.45,217.4 2 1
github.com/zalbiraw/traefik-provider/internal/httpclient/parsers.go:218.63,220.18 2 1
github.com/zalbiraw/traefik-provider/internal/httpclient/parsers.go:223.4,224.54 2 1
github.com/zalbiraw/traefik-provider/internal/httpclient/parsers.go:227.4,227.78 1 1
github.com/zalbiraw/traefik-provider/internal/httpclient/parsers.go:220.18,221.13 1 1
github.com/zalbiraw/traefik-provider/internal/httpclient/parsers.go:224.54,225.13 1 1
github.com/zalbiraw/traefik-provider/internal/httpclient/parsers.go:227.78,229.5 1 1
github.com/zalbiraw/traefik-provider/internal/httpclient/parsers.go:237.127,238.52 1 1
github.com/zalbiraw/traefik-provider/internal/httpclient/parsers.go:241.2,241.42 1 1
github.com/zalbiraw/traefik-provider/internal/httpclient/parsers.go:244.2,244.40 1 1
github.com/zalbiraw/traefik-provider/internal/httpclient/parsers.go:247.2,247.12 1 1
github.com/zalbiraw/traefik-provider/internal/httpclient/parsers.go:238.52,240.3 1 1
github.com/zalbiraw/traefik-provider/internal/httpclient/parsers.go:241.42,243.3 1 1
github.com/zalbiraw/traefik-provider/internal/httpclient/parsers.go:244.40,246.3 1 1
